2024-06-14 12:05:30,819 - INFO - main.py - <module> - 634 - ==============================================
2024-06-14 12:05:30,819 - INFO - main.py - <module> - 635 - 文本：
2024-06-14 12:05:30,820 - INFO - main.py - <module> - 636 - 北京时间19日凌晨，美国联邦储备委员会宣布，将联邦基金利率目标区间下调25个基点到1.75%至2%的水平。美联储年内的第二次降息，影响全球金融市场，中国货币政策将走势如何？
2024-06-14 12:05:30,821 - INFO - main.py - <module> - 637 - 预测值：
2024-06-14 12:05:31,652 - INFO - main.py - predict - 472 - [('财经/交易_降息_降息机构', '美联储', 53, 55)]
2024-06-14 12:05:31,654 - INFO - main.py - <module> - 634 - ==============================================
2024-06-14 12:05:31,655 - INFO - main.py - <module> - 635 - 文本：
2024-06-14 12:05:31,655 - INFO - main.py - <module> - 636 - 8月2日，2019ChinaJoy正式开幕，科大讯飞旗下A.I.家族产品组团亮相，包括讯飞翻译机3.0、讯飞听见M1、讯飞输入法，在ChinaJoy现场带来了出色的互动体验。
2024-06-14 12:05:31,655 - INFO - main.py - <module> - 637 - 预测值：
2024-06-14 12:05:32,476 - INFO - main.py - predict - 472 - [('组织行为_开幕_时间', '8月2日', 0, 3), ('组织行为_开幕_活动名称', '2019ChinaJoy', 5, 16)]
2024-06-14 12:05:32,477 - INFO - main.py - <module> - 634 - ==============================================
2024-06-14 12:05:32,477 - INFO - main.py - <module> - 635 - 文本：
2024-06-14 12:05:32,477 - INFO - main.py - <module> - 636 - 8月2日，2019ChinaJoy正式开幕，科大讯飞旗下A.I.家族产品组团亮相，包括讯飞翻译机3.0、讯飞听见M1、讯飞输入法，在ChinaJoy现场带来了出色的互动体验。
2024-06-14 12:05:32,478 - INFO - main.py - <module> - 637 - 预测值：
2024-06-14 12:05:33,235 - INFO - main.py - predict - 472 - [('产品行为_发布_时间', '8月2日', 0, 3), ('产品行为_发布_发布产品', '科大讯飞旗下A.I.家族产品组团亮相，包括', 22, 42), ('产品行为_发布_发布产品', '讯飞翻译机3.0', 43, 50), ('产品行为_发布_发布产品', '讯飞听见M1', 52, 57), ('产品行为_发布_发布产品', '讯飞输入法', 59, 63)]
2024-06-14 12:05:33,237 - INFO - main.py - <module> - 634 - ==============================================
2024-06-14 12:05:33,238 - INFO - main.py - <module> - 635 - 文本：
2024-06-14 12:05:33,238 - INFO - main.py - <module> - 636 - 技嘉连发三款X299X主板：迎接十代发烧酷睿X
2024-06-14 12:05:33,238 - INFO - main.py - <module> - 637 - 预测值：
2024-06-14 12:05:34,074 - INFO - main.py - predict - 472 - [('产品行为_发布_发布方', '技嘉', 0, 1), ('产品行为_发布_发布产品', '三款X299X主板', 4, 12)]
2024-06-14 12:05:34,076 - INFO - main.py - <module> - 634 - ==============================================
2024-06-14 12:05:34,076 - INFO - main.py - <module> - 635 - 文本：
2024-06-14 12:05:34,076 - INFO - main.py - <module> - 636 - #体坛日日谈#今日，西乙拉斯帕尔马斯队官方宣布，北京国安外援比埃拉租借加盟球队，租期至2019年12月31日，并将在之后回归国安。随后国安俱乐部也发布比埃拉租借离队的官方公告。
2024-06-14 12:05:34,076 - INFO - main.py - <module> - 637 - 预测值：
2024-06-14 12:05:34,890 - INFO - main.py - predict - 472 - [('组织关系_加盟_时间', '今日', 7, 8), ('组织关系_加盟_所加盟组织', '西乙拉斯帕尔马斯队', 10, 18), ('组织关系_加盟_加盟者', '北京国安外援比埃拉', 24, 32)]
2024-06-14 12:05:34,893 - INFO - main.py - <module> - 634 - ==============================================
2024-06-14 12:05:34,893 - INFO - main.py - <module> - 635 - 文本：
2024-06-14 12:05:34,893 - INFO - main.py - <module> - 636 - 5月15日上午，中国国家主席习近平在亚洲文明对话大会开幕式上发表主旨演讲。
2024-06-14 12:05:34,893 - INFO - main.py - <module> - 637 - 预测值：
2024-06-14 12:05:35,695 - INFO - main.py - predict - 472 - [('组织行为_开幕_时间', '5月15日上午', 0, 6), ('组织行为_开幕_活动名称', '亚洲文明对话大会', 18, 25)]
2024-06-14 12:05:35,697 - INFO - main.py - <module> - 634 - ==============================================
2024-06-14 12:05:35,697 - INFO - main.py - <module> - 635 - 文本：
2024-06-14 12:05:35,697 - INFO - main.py - <module> - 636 - 华为海外新机海报，宣布华为将于10月17日发布一款全新的手机产品，而且从海报上的手机剪影来看，可能会采用全新的屏幕设计。
2024-06-14 12:05:35,697 - INFO - main.py - <module> - 637 - 预测值：
2024-06-14 12:05:36,507 - INFO - main.py - predict - 472 - [('产品行为_发布_发布方', '华为', 11, 12), ('产品行为_发布_时间', '10月17日', 15, 20), ('产品行为_发布_发布产品', '一款全新的手机产品', 23, 31)]
2024-06-14 12:05:36,508 - INFO - main.py - <module> - 634 - ==============================================
2024-06-14 12:05:36,509 - INFO - main.py - <module> - 635 - 文本：
2024-06-14 12:05:36,509 - INFO - main.py - <module> - 636 - 为规范网络订餐经营行为，7月17日，涞源县局集中约谈“美团”“饿了么”“涞源外卖”3家网络订餐第三方平台负责人。
2024-06-14 12:05:36,509 - INFO - main.py - <module> - 637 - 预测值：
2024-06-14 12:05:37,338 - INFO - main.py - predict - 472 - [('司法行为_约谈_时间', '7月17日', 12, 16), ('司法行为_约谈_约谈发起方', '涞源县局', 18, 21), ('司法行为_约谈_约谈对象', '“美团”“饿了么”“涞源外卖”3家网络订餐第三方平台负责人', 26, 54)]
2024-06-14 12:05:37,339 - INFO - main.py - <module> - 634 - ==============================================
2024-06-14 12:05:37,340 - INFO - main.py - <module> - 635 - 文本：
2024-06-14 12:05:37,340 - INFO - main.py - <module> - 636 - 《等着我》洛阳警察辞职找女儿二十多年，团圆时女儿已在农村结婚
2024-06-14 12:05:37,340 - INFO - main.py - <module> - 637 - 预测值：
2024-06-14 12:05:38,147 - INFO - main.py - predict - 472 - [('组织关系_辞/离职_离职者', '洛阳警察', 5, 8)]
2024-06-14 12:05:38,149 - INFO - main.py - <module> - 634 - ==============================================
2024-06-14 12:05:38,149 - INFO - main.py - <module> - 635 - 文本：
2024-06-14 12:05:38,149 - INFO - main.py - <module> - 636 - 因为一部和梁朝伟合作的电影，让汤唯坐上了“过山车”，一时间名声大振，却因种种原因备受争议，乃至汤唯一度跑去国外躲避清净，随后汤唯结婚生子，沉寂几年后，汤唯靠着《地球最后的夜晚》再次回到荧幕之中，网友惊奇地发现，汤唯竟说着一口流利的英语回归了！
2024-06-14 12:05:38,150 - INFO - main.py - <module> - 637 - 预测值：
2024-06-14 12:05:38,945 - INFO - main.py - predict - 472 - [('人生_结婚_结婚双方', '汤唯', 62, 63)]
2024-06-14 12:05:38,947 - INFO - main.py - <module> - 634 - ==============================================
2024-06-14 12:05:38,947 - INFO - main.py - <module> - 635 - 文本：
2024-06-14 12:05:38,947 - INFO - main.py - <module> - 636 - 因为一部和梁朝伟合作的电影，让汤唯坐上了“过山车”，一时间名声大振，却因种种原因备受争议，乃至汤唯一度跑去国外躲避清净，随后汤唯结婚生子，沉寂几年后，汤唯靠着《地球最后的夜晚》再次回到荧幕之中，网友惊奇地发现，汤唯竟说着一口流利的英语回归了！
2024-06-14 12:05:38,947 - INFO - main.py - <module> - 637 - 预测值：
2024-06-14 12:05:39,721 - INFO - main.py - predict - 472 - [('人生_产子/女_产子者', '汤唯', 62, 63)]
2024-06-14 12:05:39,722 - INFO - main.py - <module> - 634 - ==============================================
2024-06-14 12:05:39,722 - INFO - main.py - <module> - 635 - 文本：
2024-06-14 12:05:39,724 - INFO - main.py - <module> - 636 - 2019年5月10日18时10分，永平县博南镇糖果厂后山突发森林火灾，火情发生后，永平县立即启动森林火灾扑救预案，县委、政府领导靠前指挥，组织扑火力量206人参与扑救。
2024-06-14 12:05:39,724 - INFO - main.py - <module> - 637 - 预测值：
2024-06-14 12:05:40,526 - INFO - main.py - predict - 472 - [('灾害/意外_起火_时间', '2019年5月10日18时10分', 0, 15), ('灾害/意外_起火_地点', '永平县博南镇糖果厂后山', 17, 27), ('灾害/意外_起火_地点', '森林', 30, 31)]
2024-06-14 12:05:40,528 - INFO - main.py - <module> - 634 - ==============================================
2024-06-14 12:05:40,528 - INFO - main.py - <module> - 635 - 文本：
2024-06-14 12:05:40,528 - INFO - main.py - <module> - 636 - 2019年5月10日18时10分，永平县博南镇糖果厂后山突发森林火灾，火情发生后，永平县立即启动森林火灾扑救预案，县委、政府领导靠前指挥，组织扑火力量206人参与扑救。
2024-06-14 12:05:40,528 - INFO - main.py - <module> - 637 - 预测值：
2024-06-14 12:05:41,314 - INFO - main.py - predict - 472 - [('灾害/意外_起火_时间', '2019年5月10日18时10分', 0, 15), ('灾害/意外_起火_地点', '永平县博南镇糖果厂后山', 17, 27), ('灾害/意外_起火_地点', '森林', 30, 31)]
2024-06-14 12:15:05,007 - INFO - main.py - <module> - 634 - ==============================================
2024-06-14 12:15:05,007 - INFO - main.py - <module> - 635 - 文本：
2024-06-14 12:15:05,008 - INFO - main.py - <module> - 636 - 北京时间19日凌晨，美国联邦储备委员会宣布，将联邦基金利率目标区间下调25个基点到1.75%至2%的水平。美联储年内的第二次降息，影响全球金融市场，中国货币政策将走势如何？
2024-06-14 12:15:05,008 - INFO - main.py - <module> - 637 - 预测值：
2024-06-14 12:15:05,824 - INFO - main.py - predict - 472 - [('财经/交易_降息_降息机构', '美联储', 53, 55)]
2024-06-14 12:15:05,826 - INFO - main.py - <module> - 634 - ==============================================
2024-06-14 12:15:05,826 - INFO - main.py - <module> - 635 - 文本：
2024-06-14 12:15:05,826 - INFO - main.py - <module> - 636 - 8月2日，2019ChinaJoy正式开幕，科大讯飞旗下A.I.家族产品组团亮相，包括讯飞翻译机3.0、讯飞听见M1、讯飞输入法，在ChinaJoy现场带来了出色的互动体验。
2024-06-14 12:15:05,826 - INFO - main.py - <module> - 637 - 预测值：
2024-06-14 12:15:06,635 - INFO - main.py - predict - 472 - [('组织行为_开幕_时间', '8月2日', 0, 3), ('组织行为_开幕_活动名称', '2019ChinaJoy', 5, 16)]
2024-06-14 12:15:06,637 - INFO - main.py - <module> - 634 - ==============================================
2024-06-14 12:15:06,637 - INFO - main.py - <module> - 635 - 文本：
2024-06-14 12:15:06,637 - INFO - main.py - <module> - 636 - 8月2日，2019ChinaJoy正式开幕，科大讯飞旗下A.I.家族产品组团亮相，包括讯飞翻译机3.0、讯飞听见M1、讯飞输入法，在ChinaJoy现场带来了出色的互动体验。
2024-06-14 12:15:06,638 - INFO - main.py - <module> - 637 - 预测值：
2024-06-14 12:15:07,432 - INFO - main.py - predict - 472 - [('产品行为_发布_时间', '8月2日', 0, 3), ('产品行为_发布_发布产品', '科大讯飞旗下A.I.家族产品组团亮相，包括', 22, 42), ('产品行为_发布_发布产品', '讯飞翻译机3.0', 43, 50), ('产品行为_发布_发布产品', '讯飞听见M1', 52, 57), ('产品行为_发布_发布产品', '讯飞输入法', 59, 63)]
2024-06-14 12:15:07,434 - INFO - main.py - <module> - 634 - ==============================================
2024-06-14 12:15:07,434 - INFO - main.py - <module> - 635 - 文本：
2024-06-14 12:15:07,434 - INFO - main.py - <module> - 636 - 技嘉连发三款X299X主板：迎接十代发烧酷睿X
2024-06-14 12:15:07,435 - INFO - main.py - <module> - 637 - 预测值：
2024-06-14 12:15:08,252 - INFO - main.py - predict - 472 - [('产品行为_发布_发布方', '技嘉', 0, 1), ('产品行为_发布_发布产品', '三款X299X主板', 4, 12)]
2024-06-14 12:15:08,254 - INFO - main.py - <module> - 634 - ==============================================
2024-06-14 12:15:08,254 - INFO - main.py - <module> - 635 - 文本：
2024-06-14 12:15:08,254 - INFO - main.py - <module> - 636 - #体坛日日谈#今日，西乙拉斯帕尔马斯队官方宣布，北京国安外援比埃拉租借加盟球队，租期至2019年12月31日，并将在之后回归国安。随后国安俱乐部也发布比埃拉租借离队的官方公告。
2024-06-14 12:15:08,254 - INFO - main.py - <module> - 637 - 预测值：
2024-06-14 12:15:09,022 - INFO - main.py - predict - 472 - [('组织关系_加盟_时间', '今日', 7, 8), ('组织关系_加盟_所加盟组织', '西乙拉斯帕尔马斯队', 10, 18), ('组织关系_加盟_加盟者', '北京国安外援比埃拉', 24, 32)]
2024-06-14 12:15:09,024 - INFO - main.py - <module> - 634 - ==============================================
2024-06-14 12:15:09,024 - INFO - main.py - <module> - 635 - 文本：
2024-06-14 12:15:09,024 - INFO - main.py - <module> - 636 - 5月15日上午，中国国家主席习近平在亚洲文明对话大会开幕式上发表主旨演讲。
2024-06-14 12:15:09,024 - INFO - main.py - <module> - 637 - 预测值：
2024-06-14 12:15:09,819 - INFO - main.py - predict - 472 - [('组织行为_开幕_时间', '5月15日上午', 0, 6), ('组织行为_开幕_活动名称', '亚洲文明对话大会', 18, 25)]
2024-06-14 12:15:09,820 - INFO - main.py - <module> - 634 - ==============================================
2024-06-14 12:15:09,820 - INFO - main.py - <module> - 635 - 文本：
2024-06-14 12:15:09,820 - INFO - main.py - <module> - 636 - 华为海外新机海报，宣布华为将于10月17日发布一款全新的手机产品，而且从海报上的手机剪影来看，可能会采用全新的屏幕设计。
2024-06-14 12:15:09,820 - INFO - main.py - <module> - 637 - 预测值：
2024-06-14 12:15:10,595 - INFO - main.py - predict - 472 - [('产品行为_发布_发布方', '华为', 11, 12), ('产品行为_发布_时间', '10月17日', 15, 20), ('产品行为_发布_发布产品', '一款全新的手机产品', 23, 31)]
2024-06-14 12:15:10,596 - INFO - main.py - <module> - 634 - ==============================================
2024-06-14 12:15:10,597 - INFO - main.py - <module> - 635 - 文本：
2024-06-14 12:15:10,597 - INFO - main.py - <module> - 636 - 为规范网络订餐经营行为，7月17日，涞源县局集中约谈“美团”“饿了么”“涞源外卖”3家网络订餐第三方平台负责人。
2024-06-14 12:15:10,597 - INFO - main.py - <module> - 637 - 预测值：
2024-06-14 12:15:11,355 - INFO - main.py - predict - 472 - [('司法行为_约谈_时间', '7月17日', 12, 16), ('司法行为_约谈_约谈发起方', '涞源县局', 18, 21), ('司法行为_约谈_约谈对象', '“美团”“饿了么”“涞源外卖”3家网络订餐第三方平台负责人', 26, 54)]
2024-06-14 12:15:11,357 - INFO - main.py - <module> - 634 - ==============================================
2024-06-14 12:15:11,357 - INFO - main.py - <module> - 635 - 文本：
2024-06-14 12:15:11,357 - INFO - main.py - <module> - 636 - 《等着我》洛阳警察辞职找女儿二十多年，团圆时女儿已在农村结婚
2024-06-14 12:15:11,357 - INFO - main.py - <module> - 637 - 预测值：
2024-06-14 12:15:12,140 - INFO - main.py - predict - 472 - [('组织关系_辞/离职_离职者', '洛阳警察', 5, 8)]
2024-06-14 12:15:12,141 - INFO - main.py - <module> - 634 - ==============================================
2024-06-14 12:15:12,141 - INFO - main.py - <module> - 635 - 文本：
2024-06-14 12:15:12,141 - INFO - main.py - <module> - 636 - 因为一部和梁朝伟合作的电影，让汤唯坐上了“过山车”，一时间名声大振，却因种种原因备受争议，乃至汤唯一度跑去国外躲避清净，随后汤唯结婚生子，沉寂几年后，汤唯靠着《地球最后的夜晚》再次回到荧幕之中，网友惊奇地发现，汤唯竟说着一口流利的英语回归了！
2024-06-14 12:15:12,142 - INFO - main.py - <module> - 637 - 预测值：
2024-06-14 12:15:12,885 - INFO - main.py - predict - 472 - [('人生_结婚_结婚双方', '汤唯', 62, 63)]
2024-06-14 12:15:12,886 - INFO - main.py - <module> - 634 - ==============================================
2024-06-14 12:15:12,886 - INFO - main.py - <module> - 635 - 文本：
2024-06-14 12:15:12,888 - INFO - main.py - <module> - 636 - 因为一部和梁朝伟合作的电影，让汤唯坐上了“过山车”，一时间名声大振，却因种种原因备受争议，乃至汤唯一度跑去国外躲避清净，随后汤唯结婚生子，沉寂几年后，汤唯靠着《地球最后的夜晚》再次回到荧幕之中，网友惊奇地发现，汤唯竟说着一口流利的英语回归了！
2024-06-14 12:15:12,888 - INFO - main.py - <module> - 637 - 预测值：
2024-06-14 12:15:13,647 - INFO - main.py - predict - 472 - [('人生_产子/女_产子者', '汤唯', 62, 63)]
2024-06-14 12:15:13,648 - INFO - main.py - <module> - 634 - ==============================================
2024-06-14 12:15:13,648 - INFO - main.py - <module> - 635 - 文本：
2024-06-14 12:15:13,648 - INFO - main.py - <module> - 636 - 2019年5月10日18时10分，永平县博南镇糖果厂后山突发森林火灾，火情发生后，永平县立即启动森林火灾扑救预案，县委、政府领导靠前指挥，组织扑火力量206人参与扑救。
2024-06-14 12:15:13,648 - INFO - main.py - <module> - 637 - 预测值：
2024-06-14 12:15:14,422 - INFO - main.py - predict - 472 - [('灾害/意外_起火_时间', '2019年5月10日18时10分', 0, 15), ('灾害/意外_起火_地点', '永平县博南镇糖果厂后山', 17, 27), ('灾害/意外_起火_地点', '森林', 30, 31)]
2024-06-14 12:15:14,424 - INFO - main.py - <module> - 634 - ==============================================
2024-06-14 12:15:14,424 - INFO - main.py - <module> - 635 - 文本：
2024-06-14 12:15:14,424 - INFO - main.py - <module> - 636 - 2019年5月10日18时10分，永平县博南镇糖果厂后山突发森林火灾，火情发生后，永平县立即启动森林火灾扑救预案，县委、政府领导靠前指挥，组织扑火力量206人参与扑救。
2024-06-14 12:15:14,424 - INFO - main.py - <module> - 637 - 预测值：
2024-06-14 12:15:15,194 - INFO - main.py - predict - 472 - [('灾害/意外_起火_时间', '2019年5月10日18时10分', 0, 15), ('灾害/意外_起火_地点', '永平县博南镇糖果厂后山', 17, 27), ('灾害/意外_起火_地点', '森林', 30, 31)]
2024-06-14 12:15:16,029 - INFO - main.py - predict - 472 - [('交往_感谢_被感谢人', '森林火灾，火情发生', 30, 38)]
2024-06-14 12:16:13,149 - INFO - main.py - predict - 472 - [('交往_感谢_被感谢人', '国家图书馆工作人员', 30, 38)]
2024-06-14 12:17:37,401 - INFO - main.py - predict - 472 - [('交往_感谢_被感谢人', '国家图书馆工作人员', 23, 31)]
2024-06-14 12:18:02,052 - INFO - main.py - predict - 472 - [('交往_感谢_被感谢人', '老专家', 7, 9), ('交往_感谢_被感谢人', '国家图书馆工作人员', 23, 31)]
2024-06-14 12:18:29,087 - INFO - main.py - predict - 472 - [('交往_感谢_被感谢人', '国家图书馆工作人员', 31, 39)]
2024-06-14 12:19:04,215 - INFO - main.py - predict - 472 - [('交往_感谢_被感谢人', '国家图书馆工作人员', 16, 24)]
2024-06-14 12:20:13,334 - INFO - main.py - predict - 472 - [('交往_点赞_点赞方', '习近平主席', 6, 10), ('交往_点赞_点赞对象', '国家图书馆工作人员', 16, 24)]
2024-06-14 12:20:57,459 - INFO - main.py - predict - 472 - [('交往_点赞_点赞方', '习近平主席', 11, 15), ('交往_点赞_点赞对象', '国家图书馆工作人员', 21, 29)]
2024-06-14 12:40:40,199 - INFO - 1027786757.py - predict - 409 - [('交往_点赞_点赞方', '习近平主席', 6, 10), ('交往_点赞_点赞对象', '国家图书馆工作人员', 16, 24)]
2024-06-14 12:48:31,635 - INFO - 3415613395.py - <module> - 17 - ==============================================
2024-06-14 12:48:31,637 - INFO - 3415613395.py - <module> - 18 - 文本：
2024-06-14 12:48:31,637 - INFO - 3415613395.py - <module> - 19 - 北京时间19日凌晨，美国联邦储备委员会宣布，将联邦基金利率目标区间下调25个基点到1.75%至2%的水平。美联储年内的第二次降息，影响全球金融市场，中国货币政策将走势如何？
2024-06-14 12:48:31,638 - INFO - 3415613395.py - <module> - 20 - 预测值：
2024-06-14 12:48:32,392 - INFO - 1027786757.py - predict - 409 - [('财经/交易_降息_降息机构', '美联储', 53, 55)]
2024-06-14 12:48:32,394 - INFO - 3415613395.py - <module> - 17 - ==============================================
2024-06-14 12:48:32,395 - INFO - 3415613395.py - <module> - 18 - 文本：
2024-06-14 12:48:32,395 - INFO - 3415613395.py - <module> - 19 - 8月2日，2019ChinaJoy正式开幕，科大讯飞旗下A.I.家族产品组团亮相，包括讯飞翻译机3.0、讯飞听见M1、讯飞输入法，在ChinaJoy现场带来了出色的互动体验。
2024-06-14 12:48:32,396 - INFO - 3415613395.py - <module> - 20 - 预测值：
2024-06-14 12:48:33,163 - INFO - 1027786757.py - predict - 409 - [('组织行为_开幕_时间', '8月2日', 0, 3), ('组织行为_开幕_活动名称', '2019ChinaJoy', 5, 16)]
2024-06-14 12:48:33,165 - INFO - 3415613395.py - <module> - 17 - ==============================================
2024-06-14 12:48:33,166 - INFO - 3415613395.py - <module> - 18 - 文本：
2024-06-14 12:48:33,167 - INFO - 3415613395.py - <module> - 19 - 8月2日，2019ChinaJoy正式开幕，科大讯飞旗下A.I.家族产品组团亮相，包括讯飞翻译机3.0、讯飞听见M1、讯飞输入法，在ChinaJoy现场带来了出色的互动体验。
2024-06-14 12:48:33,167 - INFO - 3415613395.py - <module> - 20 - 预测值：
2024-06-14 12:48:33,920 - INFO - 1027786757.py - predict - 409 - [('产品行为_发布_时间', '8月2日', 0, 3), ('产品行为_发布_发布产品', '科大讯飞旗下A.I.家族产品组团亮相，包括', 22, 42), ('产品行为_发布_发布产品', '讯飞翻译机3.0', 43, 50), ('产品行为_发布_发布产品', '讯飞听见M1', 52, 57), ('产品行为_发布_发布产品', '讯飞输入法', 59, 63)]
2024-06-14 12:48:33,924 - INFO - 3415613395.py - <module> - 17 - ==============================================
2024-06-14 12:48:33,925 - INFO - 3415613395.py - <module> - 18 - 文本：
2024-06-14 12:48:33,925 - INFO - 3415613395.py - <module> - 19 - 技嘉连发三款X299X主板：迎接十代发烧酷睿X
2024-06-14 12:48:33,926 - INFO - 3415613395.py - <module> - 20 - 预测值：
2024-06-14 12:48:34,704 - INFO - 1027786757.py - predict - 409 - [('产品行为_发布_发布方', '技嘉', 0, 1), ('产品行为_发布_发布产品', '三款X299X主板', 4, 12)]
2024-06-14 12:48:34,706 - INFO - 3415613395.py - <module> - 17 - ==============================================
2024-06-14 12:48:34,706 - INFO - 3415613395.py - <module> - 18 - 文本：
2024-06-14 12:48:34,707 - INFO - 3415613395.py - <module> - 19 - #体坛日日谈#今日，西乙拉斯帕尔马斯队官方宣布，北京国安外援比埃拉租借加盟球队，租期至2019年12月31日，并将在之后回归国安。随后国安俱乐部也发布比埃拉租借离队的官方公告。
2024-06-14 12:48:34,707 - INFO - 3415613395.py - <module> - 20 - 预测值：
2024-06-14 12:48:35,477 - INFO - 1027786757.py - predict - 409 - [('组织关系_加盟_时间', '今日', 7, 8), ('组织关系_加盟_所加盟组织', '西乙拉斯帕尔马斯队', 10, 18), ('组织关系_加盟_加盟者', '北京国安外援比埃拉', 24, 32)]
2024-06-14 12:48:35,480 - INFO - 3415613395.py - <module> - 17 - ==============================================
2024-06-14 12:48:35,480 - INFO - 3415613395.py - <module> - 18 - 文本：
2024-06-14 12:48:35,481 - INFO - 3415613395.py - <module> - 19 - 5月15日上午，中国国家主席习近平在亚洲文明对话大会开幕式上发表主旨演讲。
2024-06-14 12:48:35,482 - INFO - 3415613395.py - <module> - 20 - 预测值：
2024-06-14 12:48:36,235 - INFO - 1027786757.py - predict - 409 - [('组织行为_开幕_时间', '5月15日上午', 0, 6), ('组织行为_开幕_活动名称', '亚洲文明对话大会', 18, 25)]
2024-06-14 12:48:36,236 - INFO - 3415613395.py - <module> - 17 - ==============================================
2024-06-14 12:48:36,237 - INFO - 3415613395.py - <module> - 18 - 文本：
2024-06-14 12:48:36,237 - INFO - 3415613395.py - <module> - 19 - 华为海外新机海报，宣布华为将于10月17日发布一款全新的手机产品，而且从海报上的手机剪影来看，可能会采用全新的屏幕设计。
2024-06-14 12:48:36,238 - INFO - 3415613395.py - <module> - 20 - 预测值：
2024-06-14 12:48:37,031 - INFO - 1027786757.py - predict - 409 - [('产品行为_发布_发布方', '华为', 11, 12), ('产品行为_发布_时间', '10月17日', 15, 20), ('产品行为_发布_发布产品', '一款全新的手机产品', 23, 31)]
2024-06-14 12:48:37,033 - INFO - 3415613395.py - <module> - 17 - ==============================================
2024-06-14 12:48:37,034 - INFO - 3415613395.py - <module> - 18 - 文本：
2024-06-14 12:48:37,034 - INFO - 3415613395.py - <module> - 19 - 为规范网络订餐经营行为，7月17日，涞源县局集中约谈“美团”“饿了么”“涞源外卖”3家网络订餐第三方平台负责人。
2024-06-14 12:48:37,035 - INFO - 3415613395.py - <module> - 20 - 预测值：
2024-06-14 12:48:37,753 - INFO - 1027786757.py - predict - 409 - [('司法行为_约谈_时间', '7月17日', 12, 16), ('司法行为_约谈_约谈发起方', '涞源县局', 18, 21), ('司法行为_约谈_约谈对象', '“美团”“饿了么”“涞源外卖”3家网络订餐第三方平台负责人', 26, 54)]
2024-06-14 12:48:37,755 - INFO - 3415613395.py - <module> - 17 - ==============================================
2024-06-14 12:48:37,755 - INFO - 3415613395.py - <module> - 18 - 文本：
2024-06-14 12:48:37,756 - INFO - 3415613395.py - <module> - 19 - 《等着我》洛阳警察辞职找女儿二十多年，团圆时女儿已在农村结婚
2024-06-14 12:48:37,756 - INFO - 3415613395.py - <module> - 20 - 预测值：
2024-06-14 12:48:38,522 - INFO - 1027786757.py - predict - 409 - [('组织关系_辞/离职_离职者', '洛阳警察', 5, 8)]
2024-06-14 12:48:38,524 - INFO - 3415613395.py - <module> - 17 - ==============================================
2024-06-14 12:48:38,525 - INFO - 3415613395.py - <module> - 18 - 文本：
2024-06-14 12:48:38,525 - INFO - 3415613395.py - <module> - 19 - 因为一部和梁朝伟合作的电影，让汤唯坐上了“过山车”，一时间名声大振，却因种种原因备受争议，乃至汤唯一度跑去国外躲避清净，随后汤唯结婚生子，沉寂几年后，汤唯靠着《地球最后的夜晚》再次回到荧幕之中，网友惊奇地发现，汤唯竟说着一口流利的英语回归了！
2024-06-14 12:48:38,526 - INFO - 3415613395.py - <module> - 20 - 预测值：
2024-06-14 12:48:39,229 - INFO - 1027786757.py - predict - 409 - [('人生_结婚_结婚双方', '汤唯', 62, 63)]
2024-06-14 12:48:39,232 - INFO - 3415613395.py - <module> - 17 - ==============================================
2024-06-14 12:48:39,232 - INFO - 3415613395.py - <module> - 18 - 文本：
2024-06-14 12:48:39,233 - INFO - 3415613395.py - <module> - 19 - 因为一部和梁朝伟合作的电影，让汤唯坐上了“过山车”，一时间名声大振，却因种种原因备受争议，乃至汤唯一度跑去国外躲避清净，随后汤唯结婚生子，沉寂几年后，汤唯靠着《地球最后的夜晚》再次回到荧幕之中，网友惊奇地发现，汤唯竟说着一口流利的英语回归了！
2024-06-14 12:48:39,233 - INFO - 3415613395.py - <module> - 20 - 预测值：
2024-06-14 12:48:39,973 - INFO - 1027786757.py - predict - 409 - [('人生_产子/女_产子者', '汤唯', 62, 63)]
2024-06-14 12:48:39,976 - INFO - 3415613395.py - <module> - 17 - ==============================================
2024-06-14 12:48:39,977 - INFO - 3415613395.py - <module> - 18 - 文本：
2024-06-14 12:48:39,978 - INFO - 3415613395.py - <module> - 19 - 2019年5月10日18时10分，永平县博南镇糖果厂后山突发森林火灾，火情发生后，永平县立即启动森林火灾扑救预案，县委、政府领导靠前指挥，组织扑火力量206人参与扑救。
2024-06-14 12:48:39,979 - INFO - 3415613395.py - <module> - 20 - 预测值：
2024-06-14 12:48:40,711 - INFO - 1027786757.py - predict - 409 - [('灾害/意外_起火_时间', '2019年5月10日18时10分', 0, 15), ('灾害/意外_起火_地点', '永平县博南镇糖果厂后山', 17, 27), ('灾害/意外_起火_地点', '森林', 30, 31)]
2024-06-14 12:48:40,713 - INFO - 3415613395.py - <module> - 17 - ==============================================
2024-06-14 12:48:40,714 - INFO - 3415613395.py - <module> - 18 - 文本：
2024-06-14 12:48:40,714 - INFO - 3415613395.py - <module> - 19 - 2019年5月10日18时10分，永平县博南镇糖果厂后山突发森林火灾，火情发生后，永平县立即启动森林火灾扑救预案，县委、政府领导靠前指挥，组织扑火力量206人参与扑救。
2024-06-14 12:48:40,715 - INFO - 3415613395.py - <module> - 20 - 预测值：
2024-06-14 12:48:41,501 - INFO - 1027786757.py - predict - 409 - [('灾害/意外_起火_时间', '2019年5月10日18时10分', 0, 15), ('灾害/意外_起火_地点', '永平县博南镇糖果厂后山', 17, 27), ('灾害/意外_起火_地点', '森林', 30, 31)]
2024-06-14 12:48:42,343 - INFO - 1027786757.py - predict - 409 - [('交往_点赞_点赞方', '习近平主席', 6, 10), ('交往_点赞_点赞对象', '国家图书馆工作人员', 16, 24)]
2024-06-14 12:49:08,666 - INFO - 1027786757.py - train - 30 - 每5800个step，会进行验证，全局会进行3次验证
